2026-03-03 22:53:19,632 [INFO] ======================================================================
2026-03-03 22:53:19,633 [INFO] GSRPI Phase 1.5 v4.0 — 実データ統合版 再解析パイプライン
2026-03-03 22:53:19,633 [INFO] 実行日時: 2026-03-03 22:53:19
2026-03-03 22:53:19,633 [INFO] ======================================================================
2026-03-03 22:53:19,633 [INFO] 
============================================================
2026-03-03 22:53:19,633 [INFO] Step 1: 市レベル実測値データの構築
2026-03-03 22:53:19,633 [INFO] ============================================================
2026-03-03 22:53:19,647 [INFO]   デモ用欠損挿入: 3セル (KNNテスト用)
2026-03-03 22:53:19,647 [INFO]   構築完了: 56市 × 14列
2026-03-03 22:53:19,648 [INFO]   都道府県別: {'千葉県': 11, '埼玉県': 15, '東京都': 13, '神奈川県': 12, '群馬県': 5}
2026-03-03 22:53:19,649 [INFO] 
============================================================
2026-03-03 22:53:19,649 [INFO] Step 2: 空間単位の厳密検証 + proxy検出
2026-03-03 22:53:19,650 [INFO] ============================================================
2026-03-03 22:53:19,650 [INFO]   [PASS] 対象都市数: 56 == 56
2026-03-03 22:53:19,650 [INFO]   [PASS] 必須列: 全14列存在
2026-03-03 22:53:19,651 [INFO]   [PASS] 都市名: 重複なし
2026-03-03 22:53:19,665 [INFO]   [PASS] proxy検出: 全11指標クリア
2026-03-03 22:53:19,665 [INFO]   → 全指標が市レベルで十分な分散を持つことを確認
2026-03-03 22:53:19,666 [INFO] 
============================================================
2026-03-03 22:53:19,666 [INFO] Step 3: 欠損値処理（KNN代入法）
2026-03-03 22:53:19,666 [INFO] ============================================================
2026-03-03 22:53:19,667 [INFO]   欠損値検出: 3セル
2026-03-03 22:53:19,667 [INFO]     A2_car: 1件 → ['横須賀市']
2026-03-03 22:53:19,668 [INFO]     C1_park_area: 1件 → ['桐生市']
2026-03-03 22:53:19,668 [INFO]     D1: 1件 → ['府中市']
2026-03-03 22:53:19,693 [INFO] 
  補完前後の統計量比較:
2026-03-03 22:53:19,694 [INFO]     A2_car: mean 36.34 → 36.28 (差0.2%)
2026-03-03 22:53:19,695 [INFO]       横須賀市: → 33.01 (KNN補完値)
2026-03-03 22:53:19,695 [INFO]     C1_park_area: mean 5.48 → 5.52 (差0.6%)
2026-03-03 22:53:19,695 [INFO]       桐生市: → 7.40 (KNN補完値)
2026-03-03 22:53:19,696 [INFO]     D1: mean 85.97 → 86.14 (差0.2%)
2026-03-03 22:53:19,696 [INFO]       府中市: → 95.60 (KNN補完値)
2026-03-03 22:53:19,698 [INFO] 
  [PASS] KNN代入完了: 残存欠損=0
2026-03-03 22:53:19,698 [INFO] 
============================================================
2026-03-03 22:53:19,698 [INFO] Step 4: 多重共線性チェック + 変数選択
2026-03-03 22:53:19,698 [INFO] ============================================================
2026-03-03 22:53:20,031 [INFO]   A2+A3+A4の合計: mean=87.8, std=2.92
2026-03-03 22:53:20,031 [WARNING]   ⚠ Closed-sum検出: A2+A3+A4 ≈ 88 (std=2.92 < 5.0)
2026-03-03 22:53:20,031 [WARNING]     → A4_walk_bike を除外（A2とA3の情報で十分に表現可能）
2026-03-03 22:53:20,031 [INFO]   高相関: A2_car × A3_public = -0.986
2026-03-03 22:53:20,032 [INFO]   高相関: B1 × B4 = 0.954
2026-03-03 22:53:20,032 [INFO]   高相関: B2 × B3 = 0.971
2026-03-03 22:53:20,032 [INFO]   高相関: B2 × B4 = 0.987
2026-03-03 22:53:20,033 [INFO]   高相関: B3 × B4 = 0.962
2026-03-03 22:53:20,046 [INFO]   VIF(A2_car): 46.30 ⚠ >10
2026-03-03 22:53:20,046 [WARNING]     → VIF>10: A2_carは多重共線性が高い。除外を検討。
2026-03-03 22:53:20,046 [INFO]   VIF(A3_public): 43.24 ⚠ >10
2026-03-03 22:53:20,046 [WARNING]     → VIF>10: A3_publicは多重共線性が高い。除外を検討。
2026-03-03 22:53:20,046 [INFO]   VIF(A6): 2.94
2026-03-03 22:53:20,047 [INFO]   VIF(B1): 23.61 ⚠ >10
2026-03-03 22:53:20,047 [WARNING]     → VIF>10: B1は多重共線性が高い。除外を検討。
2026-03-03 22:53:20,047 [INFO]   VIF(B2): 133.41 ⚠ >10
2026-03-03 22:53:20,047 [WARNING]     → VIF>10: B2は多重共線性が高い。除外を検討。
2026-03-03 22:53:20,047 [INFO]   VIF(B3): 33.30 ⚠ >10
2026-03-03 22:53:20,047 [WARNING]     → VIF>10: B3は多重共線性が高い。除外を検討。
2026-03-03 22:53:20,047 [INFO]   VIF(B4): 135.86 ⚠ >10
2026-03-03 22:53:20,047 [WARNING]     → VIF>10: B4は多重共線性が高い。除外を検討。
2026-03-03 22:53:20,047 [INFO]   VIF(C1_park_area): 1.74
2026-03-03 22:53:20,047 [INFO]   VIF(D1): 10.43 ⚠ >10
2026-03-03 22:53:20,047 [WARNING]     → VIF>10: D1は多重共線性が高い。除外を検討。
2026-03-03 22:53:20,047 [INFO]   VIF(D3): 15.14 ⚠ >10
2026-03-03 22:53:20,047 [WARNING]     → VIF>10: D3は多重共線性が高い。除外を検討。
2026-03-03 22:53:21,248 [INFO] [OK] 図0: 多重共線性チェック図を保存
2026-03-03 22:53:21,248 [INFO] 
  最終使用指標: 10/11
2026-03-03 22:53:21,249 [INFO]   除外指標: ['A4_walk_bike']
2026-03-03 22:53:21,249 [INFO]     A4_walk_bike: closed-sum (A2+A3+A4≈88, std=2.92)
2026-03-03 22:53:21,249 [INFO] 
============================================================
2026-03-03 22:53:21,249 [INFO] Step 5: 標準化 → 方向性調整 → 次元別PCA
2026-03-03 22:53:21,249 [INFO] ============================================================
2026-03-03 22:53:21,252 [INFO]   符号反転: A2_car (自家用車通勤分担率(%))
2026-03-03 22:53:21,253 [INFO]   符号反転: A6 (高齢者人口比率(%))
2026-03-03 22:53:21,253 [INFO]   符号反転: B1 (猛暑日数(日))
2026-03-03 22:53:21,253 [INFO]   符号反転: B2 (真夏日数(日))
2026-03-03 22:53:21,253 [INFO]   符号反転: B3 (熱帯夜数(日))
2026-03-03 22:53:21,253 [INFO]   符号反転: B4 (8月平均最高気温(℃))
2026-03-03 22:53:21,254 [INFO]   符号反転: D3 (自動車保有台数(台/千人))
2026-03-03 22:53:21,300 [INFO]   次元A (アクセス): PC1寄与率=74.5%
2026-03-03 22:53:21,300 [INFO]     A2_car_z: +0.643
2026-03-03 22:53:21,301 [INFO]     A3_public_z: +0.648
2026-03-03 22:53:21,301 [INFO]     A6_z: +0.409
2026-03-03 22:53:21,303 [INFO]   次元B (暑熱耐性): PC1寄与率=96.4%
2026-03-03 22:53:21,303 [INFO]     B1_z: +0.491
2026-03-03 22:53:21,303 [INFO]     B2_z: +0.502
2026-03-03 22:53:21,303 [INFO]     B3_z: +0.500
2026-03-03 22:53:21,303 [INFO]     B4_z: +0.506
2026-03-03 22:53:21,304 [INFO]   次元C (緑): 単一指標
2026-03-03 22:53:21,305 [INFO]   次元D (都市構造): PC1寄与率=96.2%
2026-03-03 22:53:21,306 [INFO]     D1_z: +0.707
2026-03-03 22:53:21,306 [INFO]     D3_z: +0.707
2026-03-03 22:53:21,308 [INFO] 
  GSRPI算出完了: 4次元等重み平均
2026-03-03 22:53:21,308 [INFO] 
============================================================
2026-03-03 22:53:21,308 [INFO] Step 6: k-meansクラスタリング + 客観的k選択
2026-03-03 22:53:21,308 [INFO] ============================================================
2026-03-03 22:53:21,568 [INFO]   k=2: Silhouette=0.4135, SSE=269.71
2026-03-03 22:53:21,579 [INFO]   k=3: Silhouette=0.3480, SSE=187.25
2026-03-03 22:53:21,636 [INFO]   k=4: Silhouette=0.3203, SSE=147.72
2026-03-03 22:53:21,645 [INFO]   k=5: Silhouette=0.3316, SSE=123.66
2026-03-03 22:53:21,654 [INFO]   k=6: Silhouette=0.3363, SSE=102.64
2026-03-03 22:53:21,664 [INFO]   k=7: Silhouette=0.3060, SSE=91.38
2026-03-03 22:53:21,732 [INFO]   k=8: Silhouette=0.3142, SSE=83.87
2026-03-03 22:53:21,732 [INFO] 
  ==================================================
2026-03-03 22:53:21,733 [INFO]   k選択の客観的根拠
2026-03-03 22:53:21,733 [INFO]   ==================================================
2026-03-03 22:53:21,733 [INFO]   Silhouette最大: k=2 (Sil=0.4135)
2026-03-03 22:53:21,733 [INFO]   Elbow法(曲率最大): k=3
2026-03-03 22:53:21,733 [INFO]   >>> 推奨k: 2
2026-03-03 22:53:21,733 [INFO]   >>> 理由: Silhouette最大k=2(0.4135)を優先。Elbow法はk=3を示唆
2026-03-03 22:53:21,733 [INFO]   ==================================================
2026-03-03 22:53:22,572 [INFO] [OK] 図1: k選択図を保存
2026-03-03 22:53:22,576 [INFO] 
  クラスター概要:
2026-03-03 22:53:22,577 [INFO]     C0: 高緑・低アクセス/暑熱耐性型 (n=17, GSRPI=-1.07)
2026-03-03 22:53:22,579 [INFO]        代表: 上尾市, 入間市, 狭山市
2026-03-03 22:53:22,579 [INFO]     C1: 高アクセス/暑熱耐性・低緑型 (n=39, GSRPI=+0.46)
2026-03-03 22:53:22,581 [INFO]        代表: 武蔵野市, 茅ヶ崎市, 三鷹市
2026-03-03 22:53:23,128 [INFO] [OK] 図2: レーダーチャート
2026-03-03 22:53:24,569 [INFO] [OK] 図3: 散布図 + Top/Bottom表
2026-03-03 22:53:25,056 [INFO] [OK] 図4: PCA負荷量
2026-03-03 22:53:25,056 [INFO] 
============================================================
2026-03-03 22:53:25,057 [INFO] Step 8: 結果出力（後方互換）
2026-03-03 22:53:25,057 [INFO] ============================================================
2026-03-03 22:53:25,062 [INFO]   [OK] gsrpi_phase1.5_results.csv (56行 × 29列)
2026-03-03 22:53:25,064 [INFO]   [OK] gsrpi_phase1_with_heat.csv (後方互換)
2026-03-03 22:53:25,065 [INFO]   [OK] gsrpi_phase1.5_meta.json
2026-03-03 22:53:25,068 [INFO] [OK] ポスター文章案保存
2026-03-03 22:53:25,068 [INFO] 
======================================================================
2026-03-03 22:53:25,068 [INFO] Phase 1.5 v4.0 全処理完了!
2026-03-03 22:53:25,068 [INFO] ======================================================================
